#
# A fatal error has been detected by the Java Runtime Environment:
#
#  SIGSEGV (0xb) at pc=0x0000000107bf593c, pid=94028, tid=40199
#
# JRE version: Java(TM) SE Runtime Environment 18.9 (11.0.12+8) (build 11.0.12+8-LTS-237)
# Java VM: Java HotSpot(TM) 64-Bit Server VM 18.9 (11.0.12+8-LTS-237, mixed mode, tiered, compressed oops, g1 gc, bsd-amd64)
# Problematic frame:
# C  [libjimage.dylib+0x193c]  _ZN12ImageStrings4findEP6EndianPKcPij+0x52
#
# No core dump will be written. Core dumps have been disabled. To enable core dumping, try "ulimit -c unlimited" before starting Java again
#
# If you would like to submit a bug report, please visit:
#   https://bugreport.java.com/bugreport/crash.jsp
#

---------------  S U M M A R Y ------------

Command Line: -agentlib:jdwp=transport=dt_socket,suspend=y,address=localhost:50445 -javaagent:/Users/techmojo/eclipse/jee-2019-06/Eclipse.app/Contents/Eclipse/configuration/org.eclipse.osgi/403/0/.cp/lib/javaagent-shaded.jar -Dfile.encoding=UTF-8 com.nel.chan.dsalgo.array.basic.RemoveDuplicateSortedArray

Host: MacBookPro9,2 x86_64 2500 MHz, 4 cores, 16G, Darwin 19.6.0
Time: Wed Dec 15 10:41:52 2021 IST elapsed time: 75.045723 seconds (0d 0h 1m 15s)

---------------  T H R E A D  ---------------

Current thread (0x00007fe63c9b1800):  JavaThread "SIGTERM handler" daemon [_thread_in_vm